
> server@1.0.0 start
> node server.js

Initializing Market Data Service...
MarketData model created
Market data polling started (interval: 5000ms)
Market Data Service initialized
Server running on port 3008
Initializing Prop Firm Service...
PropFirmRules model created
Updating prop firm rules (using mock data)...
MongoDB connected: localhost
Rules saved for ApexTraderFunding
Rules saved for TakeProfitTrader
Prop firm rules updated successfully
Prop Firm Service initialized
Backtest Service initialized
Risk Management Service initialized
Journal Service initialized
Analytics Service initialized
Alert Service initialized
Initializing trading session service...
Starting periodic health check every 5 minutes
Performing initial session analysis...
Initial health check: System is operational
Initial analysis for preMarket session completed
Initial analysis for regularHours session completed
Initial analysis for postMarket session completed
Initial analysis for overnight session completed
All services initialized successfully
Market data saved to database
Market data updated: NQ - Volatility: LOW
Market data update emitted to clients
Health check warning: System is degraded
Health check warning: System is degraded
Health check warning: System is warning
Health check warning: System is degraded
Health check warning: System is degraded
Health check warning: System is degraded
Health check warning: System is warning
